<?xml version="1.0" encoding="UTF-8"?>
<testng-results skipped="0" failed="0" ignored="0" total="2" passed="2">
  <reporter-output>
  </reporter-output>
  <suite name="Command line suite" duration-ms="59301" started-at="2020-04-24T15:49:45 CEST" finished-at="2020-04-24T15:50:45 CEST">
    <groups>
    </groups>
    <test name="Command line test" duration-ms="59301" started-at="2020-04-24T15:49:45 CEST" finished-at="2020-04-24T15:50:45 CEST">
      <class name="tests.Tests19">
        <test-method status="PASS" signature="setUp()[pri:0, instance:tests.Tests19@6eebc39e]" name="setUp" is-config="true" duration-ms="12153" started-at="2020-04-24T15:49:45 CEST" finished-at="2020-04-24T15:49:57 CEST">
          <reporter-output>
          </reporter-output>
        </test-method> <!-- setUp -->
        <test-method status="PASS" signature="loginIncorrecto()[pri:0, instance:tests.Tests19@6eebc39e]" name="loginIncorrecto" duration-ms="17367" started-at="2020-04-24T15:49:57 CEST" finished-at="2020-04-24T15:50:15 CEST">
          <reporter-output>
          </reporter-output>
        </test-method> <!-- loginIncorrecto -->
        <test-method status="PASS" signature="tearDown(org.testng.ITestResult)[pri:0, instance:tests.Tests19@6eebc39e]" name="tearDown" is-config="true" duration-ms="169" started-at="2020-04-24T15:50:15 CEST" finished-at="2020-04-24T15:50:15 CEST">
          <params>
            <param index="0">
              <value>
                <![CDATA[[TestResult name=loginIncorrecto status=SUCCESS method=Tests19.loginIncorrecto()[pri:0, instance:tests.Tests19@6eebc39e] output={null}]]]>
              </value>
            </param>
          </params>
          <reporter-output>
          </reporter-output>
        </test-method> <!-- tearDown -->
        <test-method status="PASS" signature="setUp()[pri:0, instance:tests.Tests19@6eebc39e]" name="setUp" is-config="true" duration-ms="13091" started-at="2020-04-24T15:50:15 CEST" finished-at="2020-04-24T15:50:28 CEST">
          <reporter-output>
          </reporter-output>
        </test-method> <!-- setUp -->
        <test-method status="PASS" signature="pruebaTres5()[pri:0, instance:tests.Tests19@6eebc39e]" name="pruebaTres5" duration-ms="12348" started-at="2020-04-24T15:50:28 CEST" finished-at="2020-04-24T15:50:40 CEST">
          <reporter-output>
          </reporter-output>
        </test-method> <!-- pruebaTres5 -->
        <test-method status="PASS" signature="tearDown(org.testng.ITestResult)[pri:0, instance:tests.Tests19@6eebc39e]" name="tearDown" is-config="true" duration-ms="4138" started-at="2020-04-24T15:50:40 CEST" finished-at="2020-04-24T15:50:45 CEST">
          <params>
            <param index="0">
              <value>
                <![CDATA[[TestResult name=pruebaTres5 status=SUCCESS method=Tests19.pruebaTres5()[pri:0, instance:tests.Tests19@6eebc39e] output={null}]]]>
              </value>
            </param>
          </params>
          <reporter-output>
          </reporter-output>
        </test-method> <!-- tearDown -->
      </class> <!-- tests.Tests19 -->
    </test> <!-- Command line test -->
  </suite> <!-- Command line suite -->
</testng-results>
